<?xml version="1.0" encoding="UTF-8"?>
<!-- Generated by org.testng.reporters.JUnitXMLReporter -->
<testsuite hostname="nirmal" failures="0" tests="3" name="Default test" time="120.154" errors="0" timestamp="5 May 2022 08:01:55 GMT">
  <testcase classname="encoretickets.tests.CheckOutTest" name="apiTest" time="8.537"/>
  <testcase classname="encoretickets.tests.CheckOutTest" name="checkoutJourney" time="60.595"/>
  <testcase classname="encoretickets.tests.CheckOutTest" name="restrictedcheckoutJourney" time="51.0"/>
</testsuite> <!-- Default test -->
