<?xml version="1.0" encoding="UTF-8"?>
<testng-results total="2" passed="1" failed="1" skipped="0">
  <reporter-output>
  </reporter-output>
  <suite started-at="2022-05-02T23:37:06Z" name="Default suite" finished-at="2022-05-02T23:38:24Z" duration-ms="77787">
    <groups>
    </groups>
    <test started-at="2022-05-02T23:37:06Z" name="Default test" finished-at="2022-05-02T23:38:24Z" duration-ms="77787">
      <class name="encoretickets.tests.CheckOutTest">
        <test-method signature="apitest()[pri:0, instance:encoretickets.tests.CheckOutTest@12359a82]" started-at="2022-05-03T00:37:06Z" name="apitest" finished-at="2022-05-03T00:37:11Z" duration-ms="5362" status="PASS">
          <reporter-output>
          </reporter-output>
        </test-method> <!-- apitest -->
        <test-method signature="searchText()[pri:0, instance:encoretickets.tests.CheckOutTest@12359a82]" started-at="2022-05-03T00:37:11Z" name="searchText" finished-at="2022-05-03T00:38:24Z" duration-ms="72398" status="FAIL">
          <exception class="org.openqa.selenium.interactions.MoveTargetOutOfBoundsException">
            <message>
              <![CDATA[move target out of bounds
  (Session info: chrome=100.0.4896.127)
Build info: version: '4.1.4', revision: '535d840ee2'
System info: host: 'NIRMAL', ip: '192.168.0.14', os.name: 'Windows 8.1', os.arch: 'amd64', os.version: '6.3', java.version: '17.0.2'
Driver info: org.openqa.selenium.chrome.ChromeDriver
Command: [45ce4300e1e3ed2b88c62c356b1091cd, actions {actions=[org.openqa.selenium.interactions.Sequence@543d2ef3]}]
Capabilities {acceptInsecureCerts: false, browserName: chrome, browserVersion: 100.0.4896.127, chrome: {chromedriverVersion: 100.0.4896.60 (6a5d10861ce8..., userDataDir: C:\Users\nirmal\AppData\Loc...}, goog:chromeOptions: {debuggerAddress: localhost:64962}, javascriptEnabled: true, networkConnectionEnabled: false, pageLoadStrategy: normal, platform: WINDOWS, platformName: WINDOWS, proxy: Proxy(), se:cdp: ws://localhost:64962/devtoo..., se:cdpVersion: 100.0.4896.127, setWindowRect: true, strictFileInteractability: false, timeouts: {implicit: 0, pageLoad: 300000, script: 30000}, unhandledPromptBehavior: dismiss and notify, webauthn:extension:credBlob: true, webauthn:extension:largeBlob: true, webauthn:virtualAuthenticators: true}
Session ID: 45ce4300e1e3ed2b88c62c356b1091cd]]>
            </message>
            <full-stacktrace>
              <![CDATA[org.openqa.selenium.interactions.MoveTargetOutOfBoundsException: move target out of bounds
  (Session info: chrome=100.0.4896.127)
Build info: version: '4.1.4', revision: '535d840ee2'
System info: host: 'NIRMAL', ip: '192.168.0.14', os.name: 'Windows 8.1', os.arch: 'amd64', os.version: '6.3', java.version: '17.0.2'
Driver info: org.openqa.selenium.chrome.ChromeDriver
Command: [45ce4300e1e3ed2b88c62c356b1091cd, actions {actions=[org.openqa.selenium.interactions.Sequence@543d2ef3]}]
Capabilities {acceptInsecureCerts: false, browserName: chrome, browserVersion: 100.0.4896.127, chrome: {chromedriverVersion: 100.0.4896.60 (6a5d10861ce8..., userDataDir: C:\Users\nirmal\AppData\Loc...}, goog:chromeOptions: {debuggerAddress: localhost:64962}, javascriptEnabled: true, networkConnectionEnabled: false, pageLoadStrategy: normal, platform: WINDOWS, platformName: WINDOWS, proxy: Proxy(), se:cdp: ws://localhost:64962/devtoo..., se:cdpVersion: 100.0.4896.127, setWindowRect: true, strictFileInteractability: false, timeouts: {implicit: 0, pageLoad: 300000, script: 30000}, unhandledPromptBehavior: dismiss and notify, webauthn:extension:credBlob: true, webauthn:extension:largeBlob: true, webauthn:virtualAuthenticators: true}
Session ID: 45ce4300e1e3ed2b88c62c356b1091cd
	at java.base/jdk.internal.reflect.NativeConstructorAccessorImpl.newInstance0(Native Method)
	at java.base/jdk.internal.reflect.NativeConstructorAccessorImpl.newInstance(NativeConstructorAccessorImpl.java:77)
	at java.base/jdk.internal.reflect.DelegatingConstructorAccessorImpl.newInstance(DelegatingConstructorAccessorImpl.java:45)
	at java.base/java.lang.reflect.Constructor.newInstanceWithCaller(Constructor.java:499)
	at java.base/java.lang.reflect.Constructor.newInstance(Constructor.java:480)
	at org.openqa.selenium.remote.codec.w3c.W3CHttpResponseCodec.createException(W3CHttpResponseCodec.java:200)
	at org.openqa.selenium.remote.codec.w3c.W3CHttpResponseCodec.decode(W3CHttpResponseCodec.java:133)
	at org.openqa.selenium.remote.codec.w3c.W3CHttpResponseCodec.decode(W3CHttpResponseCodec.java:53)
	at org.openqa.selenium.remote.HttpCommandExecutor.execute(HttpCommandExecutor.java:184)
	at org.openqa.selenium.remote.service.DriverCommandExecutor.invokeExecute(DriverCommandExecutor.java:167)
	at org.openqa.selenium.remote.service.DriverCommandExecutor.execute(DriverCommandExecutor.java:142)
	at org.openqa.selenium.remote.RemoteWebDriver.execute(RemoteWebDriver.java:567)
	at org.openqa.selenium.remote.RemoteWebDriver.perform(RemoteWebDriver.java:635)
	at org.openqa.selenium.interactions.Actions$BuiltAction.perform(Actions.java:656)
	at org.openqa.selenium.interactions.Actions.perform(Actions.java:612)
	at encoretickets.pages.CheckoutPage.seatselection(CheckoutPage.java:53)
	at encoretickets.tests.CheckOutTest.searchText(CheckOutTest.java:116)
	at java.base/jdk.internal.reflect.NativeMethodAccessorImpl.invoke0(Native Method)
	at java.base/jdk.internal.reflect.NativeMethodAccessorImpl.invoke(NativeMethodAccessorImpl.java:77)
	at java.base/jdk.internal.reflect.DelegatingMethodAccessorImpl.invoke(DelegatingMethodAccessorImpl.java:43)
	at java.base/java.lang.reflect.Method.invoke(Method.java:568)
	at org.testng.internal.MethodInvocationHelper.invokeMethod(MethodInvocationHelper.java:80)
	at org.testng.internal.Invoker.invokeMethod(Invoker.java:714)
	at org.testng.internal.Invoker.invokeTestMethod(Invoker.java:901)
	at org.testng.internal.Invoker.invokeTestMethods(Invoker.java:1231)
	at org.testng.internal.TestMethodWorker.invokeTestMethods(TestMethodWorker.java:127)
	at org.testng.internal.TestMethodWorker.run(TestMethodWorker.java:111)
	at org.testng.TestRunner.privateRun(TestRunner.java:767)
	at org.testng.TestRunner.run(TestRunner.java:617)
	at org.testng.SuiteRunner.runTest(SuiteRunner.java:334)
	at org.testng.SuiteRunner.runSequentially(SuiteRunner.java:329)
	at org.testng.SuiteRunner.privateRun(SuiteRunner.java:291)
	at org.testng.SuiteRunner.run(SuiteRunner.java:240)
	at org.testng.SuiteRunnerWorker.runSuite(SuiteRunnerWorker.java:52)
	at org.testng.SuiteRunnerWorker.run(SuiteRunnerWorker.java:86)
	at org.testng.TestNG.runSuitesSequentially(TestNG.java:1198)
	at org.testng.TestNG.runSuitesLocally(TestNG.java:1123)
	at org.testng.TestNG.run(TestNG.java:1031)
	at org.testng.remote.AbstractRemoteTestNG.run(AbstractRemoteTestNG.java:115)
	at org.testng.remote.RemoteTestNG.initAndRun(RemoteTestNG.java:251)
	at org.testng.remote.RemoteTestNG.main(RemoteTestNG.java:77)
]]>
            </full-stacktrace>
          </exception> <!-- org.openqa.selenium.interactions.MoveTargetOutOfBoundsException -->
          <reporter-output>
          </reporter-output>
        </test-method> <!-- searchText -->
      </class> <!-- encoretickets.tests.CheckOutTest -->
    </test> <!-- Default test -->
  </suite> <!-- Default suite -->
</testng-results>
